<?xml version="1.0" encoding="UTF-8"?>
<testng-results ignored="0" total="1" passed="1" failed="0" skipped="0">
  <reporter-output>
  </reporter-output>
  <suite started-at="2024-12-19T12:23:45 IST" name="Suite" finished-at="2024-12-19T12:24:10 IST" duration-ms="24363">
    <groups>
    </groups>
    <test started-at="2024-12-19T12:23:45 IST" name="Test" finished-at="2024-12-19T12:24:10 IST" duration-ms="24363">
      <class name="mavenTestCase.TestCase1">
        <test-method signature="test1()[pri:0, instance:mavenTestCase.TestCase1@1af2d44a]" started-at="2024-12-19T12:23:45 IST" name="test1" finished-at="2024-12-19T12:24:10 IST" duration-ms="24281" status="PASS">
          <reporter-output>
          </reporter-output>
        </test-method> <!-- test1 -->
      </class> <!-- mavenTestCase.TestCase1 -->
    </test> <!-- Test -->
  </suite> <!-- Suite -->
</testng-results>
